1618408800 2021-04-14-23-00 7153
1618412400 2021-04-15-00-00 7153
1618416000 2021-04-15-01-00 7153
1618419600 2021-04-15-02-00 7153
1618423200 2021-04-15-03-00 7153
1618426800 2021-04-15-04-00 7162
1618430400 2021-04-15-05-00 7162
1618434001 2021-04-15-06-00 7164
1618437600 2021-04-15-07-00 7164
1618441200 2021-04-15-08-00 7164
1618444801 2021-04-15-09-00 7582
1618448400 2021-04-15-10-00 7565
1618452000 2021-04-15-11-00 7566
1618455600 2021-04-15-12-00 7460
1618459200 2021-04-15-13-00 7460
1618462800 2021-04-15-14-00 7455
1618466400 2021-04-15-15-00 7423
1618470000 2021-04-15-16-00 7427
1618473600 2021-04-15-17-00 7433
1618477201 2021-04-15-18-00 7428
1618480800 2021-04-15-19-00 7502
1618520400 2021-04-16-06-00 7483
1618531200 2021-04-16-09-00 7498
1618538400 2021-04-16-11-00 7540
1618542000 2021-04-16-12-00 7472
1618545601 2021-04-16-13-00 7385
1618549200 2021-04-16-14-00 7023
1618552800 2021-04-16-15-00 7023
1618556400 2021-04-16-16-00 6992
1618560000 2021-04-16-17-00 7004
1618563600 2021-04-16-18-00 6964
1618567200 2021-04-16-19-00 6849
1618570800 2021-04-16-20-00 6925
1618574400 2021-04-16-21-00 6935
1618578000 2021-04-16-22-00 7451
1618614000 2021-04-17-08-00 7520
1618617600 2021-04-17-09-00 7469
1618621200 2021-04-17-10-00 7565
1618628403 2021-04-17-12-00 7536
1618635600 2021-04-17-14-00 7537
1618639200 2021-04-17-15-00 7537
1618642800 2021-04-17-16-00 7495
1618646400 2021-04-17-17-00 7445
1618650000 2021-04-17-18-00 7422
1618653600 2021-04-17-19-00 7422
1618657200 2021-04-17-20-00 7410
1618660800 2021-04-17-21-00 7416
1618668001 2021-04-17-23-00 7495
1618671600 2021-04-18-00-00 7492
1618707600 2021-04-18-10-00 7488
1618714800 2021-04-18-12-00 7493
1618718400 2021-04-18-13-00 7493
1618722000 2021-04-18-14-00 7500
1618725600 2021-04-18-15-00 7500
1618729200 2021-04-18-16-00 7500
1618732800 2021-04-18-17-00 7500
1618736400 2021-04-18-18-00 7530
1618740000 2021-04-18-19-00 7530
1618743600 2021-04-18-20-00 7530
1618747201 2021-04-18-21-00 7522
1618750801 2021-04-18-22-00 7510
1618754401 2021-04-18-23-00 7510
1618758001 2021-04-19-00-00 7506
1618761600 2021-04-19-01-00 7504
1618765200 2021-04-19-02-00 7504
1618768800 2021-04-19-03-00 7501
1618772400 2021-04-19-04-00 7501
1618776000 2021-04-19-05-00 7501
1618779600 2021-04-19-06-00 7501
1618783200 2021-04-19-07-00 7501
1618786800 2021-04-19-08-00 7501
1618790400 2021-04-19-09-00 7501
1618794000 2021-04-19-10-00 7498
1618797600 2021-04-19-11-00 7515
1618801200 2021-04-19-12-00 7515
1618804800 2021-04-19-13-00 7514
1618808400 2021-04-19-14-00 7514
1618812000 2021-04-19-15-00 7513
1618815601 2021-04-19-16-00 7514
1618819200 2021-04-19-17-00 7511
1618822800 2021-04-19-18-00 7429
1618826400 2021-04-19-19-00 7509
1618840800 2021-04-19-23-00 7390
1618844400 2021-04-20-00-00 7508
1618848000 2021-04-20-01-00 7524
1618851600 2021-04-20-02-00 7524
1618855200 2021-04-20-03-00 7525
1618858800 2021-04-20-04-00 7525
1618862400 2021-04-20-05-00 7525
1618866000 2021-04-20-06-00 7525
1618869600 2021-04-20-07-00 7525
1618873200 2021-04-20-08-00 7525
1618876800 2021-04-20-09-00 7518
1618880400 2021-04-20-10-00 7518
1618884000 2021-04-20-11-00 7519
1618887600 2021-04-20-12-00 7519
1618891200 2021-04-20-13-00 7519
1618894800 2021-04-20-14-00 7481
1618898400 2021-04-20-15-00 7473
1618902001 2021-04-20-16-00 7484
1618905600 2021-04-20-17-00 7475
1618909200 2021-04-20-18-00 7430
1618912800 2021-04-20-19-00 7415
1618916400 2021-04-20-20-00 7415
1618920000 2021-04-20-21-00 7433
1618923600 2021-04-20-22-00 7433
1618927200 2021-04-20-23-00 7434
1618930800 2021-04-21-00-00 7435
1618934400 2021-04-21-01-00 7435
1618938000 2021-04-21-02-00 7452
1618941600 2021-04-21-03-00 7428
1618945201 2021-04-21-04-00 7430
1618956000 2021-04-21-07-00 7481
1618959600 2021-04-21-08-00 7480
1618963200 2021-04-21-09-00 7480
1618966800 2021-04-21-10-00 7487
1618970400 2021-04-21-11-00 7487
1618974001 2021-04-21-12-00 7487
1618977600 2021-04-21-13-00 7484
1618981200 2021-04-21-14-00 7489
1618984800 2021-04-21-15-00 7490
1618988400 2021-04-21-16-00 7490
1618992000 2021-04-21-17-00 7476
1618995600 2021-04-21-18-00 7498
1618999200 2021-04-21-19-00 7437
1619002800 2021-04-21-20-00 7373
1619006400 2021-04-21-21-00 7373
1619010001 2021-04-21-22-00 7373
1619013600 2021-04-21-23-00 7511
1619017200 2021-04-22-00-00 7464
1619020800 2021-04-22-01-00 7490
1619024401 2021-04-22-02-00 7396
1619028000 2021-04-22-03-00 7450
1619053200 2021-04-22-10-00 7339
1619056800 2021-04-22-11-00 7375
1619060401 2021-04-22-12-00 7449
1619064000 2021-04-22-13-00 7446
1619067600 2021-04-22-14-00 7446
1619078400 2021-04-22-17-00 7443
1619082000 2021-04-22-18-00 7452
1619085600 2021-04-22-19-00 7432
1619089200 2021-04-22-20-00 7433
1619092800 2021-04-22-21-00 7433
1619096401 2021-04-22-22-00 7432
1619100000 2021-04-22-23-00 7507
1619103600 2021-04-23-00-00 7483
1619107200 2021-04-23-01-00 7484
1619110800 2021-04-23-02-00 7479
1619114400 2021-04-23-03-00 7493
1619118000 2021-04-23-04-00 7476
1619121600 2021-04-23-05-00 7466
1619125200 2021-04-23-06-00 7477
1619128800 2021-04-23-07-00 7459
1619132400 2021-04-23-08-00 7598
1619136000 2021-04-23-09-00 7614
1619139600 2021-04-23-10-00 7523
1619143200 2021-04-23-11-00 7532
1619146800 2021-04-23-12-00 7534
1619154000 2021-04-23-14-00 7674
1619157600 2021-04-23-15-00 7675
1619161200 2021-04-23-16-00 7675
1619164800 2021-04-23-17-00 7551
1619168400 2021-04-23-18-00 7536
1619172000 2021-04-23-19-00 7485
1619175600 2021-04-23-20-00 7486
1619179200 2021-04-23-21-00 7490
1619182800 2021-04-23-22-00 7491
1619186400 2021-04-23-23-00 7475
1619190000 2021-04-24-00-00 7475
1619193600 2021-04-24-01-00 7475
1619197200 2021-04-24-02-00 7475
1619200800 2021-04-24-03-00 7475
1619204400 2021-04-24-04-00 7469
1619208000 2021-04-24-05-00 7469
1619211600 2021-04-24-06-00 7469
1619215200 2021-04-24-07-00 7467
1619218800 2021-04-24-08-00 7474
1619222401 2021-04-24-09-00 7474
1619226000 2021-04-24-10-00 7475
1619229601 2021-04-24-11-00 7473
1619233200 2021-04-24-12-00 7473
1619236800 2021-04-24-13-00 7571
1619240400 2021-04-24-14-00 7509
1619244000 2021-04-24-15-00 7510
1619247600 2021-04-24-16-00 7507
1619251200 2021-04-24-17-00 7567
1619265600 2021-04-24-21-00 7478
1619269200 2021-04-24-22-00 7504
1619272800 2021-04-24-23-00 7401
1619276401 2021-04-25-00-00 7410
1619280000 2021-04-25-01-00 7411
1619283600 2021-04-25-02-00 7392
1619287200 2021-04-25-03-00 7380
1619290800 2021-04-25-04-00 7384
1619294400 2021-04-25-05-00 7369
1619298001 2021-04-25-06-00 7395
1619301600 2021-04-25-07-00 7366
1619326800 2021-04-25-14-00 7321
1619330400 2021-04-25-15-00 7321
1619334000 2021-04-25-16-00 7299
1619337600 2021-04-25-17-00 7264
1619341200 2021-04-25-18-00 7264
1619344801 2021-04-25-19-00 7264
1619348400 2021-04-25-20-00 7264
1619352000 2021-04-25-21-00 7279
1619355600 2021-04-25-22-00 7279
1619359200 2021-04-25-23-00 7280
1619362800 2021-04-26-00-00 7280
1619366400 2021-04-26-01-00 7280
1619370000 2021-04-26-02-00 7210
1619373600 2021-04-26-03-00 7074
1619377200 2021-04-26-04-00 7248
1619380800 2021-04-26-05-00 7236
1619384401 2021-04-26-06-00 7271
1619388000 2021-04-26-07-00 7264
1619391600 2021-04-26-08-00 7308
1619402400 2021-04-26-11-00 7252
1619406000 2021-04-26-12-00 7266
1619409600 2021-04-26-13-00 7285
1619413200 2021-04-26-14-00 7273
1619416800 2021-04-26-15-00 7273
1619420400 2021-04-26-16-00 7235
1619424000 2021-04-26-17-00 7235
1619427600 2021-04-26-18-00 7237
1619431200 2021-04-26-19-00 7243
1619434800 2021-04-26-20-00 7279
1619456400 2021-04-27-02-00 7275
1619460000 2021-04-27-03-00 7297
1619463600 2021-04-27-04-00 7278
1619467200 2021-04-27-05-00 7308
1619470800 2021-04-27-06-00 7315
1619485200 2021-04-27-10-00 7309
1619488800 2021-04-27-11-00 7321
1619492400 2021-04-27-12-00 7302
1619496000 2021-04-27-13-00 7302
1619499600 2021-04-27-14-00 7302
1619503201 2021-04-27-15-00 7302
1619506800 2021-04-27-16-00 7317
1619510400 2021-04-27-17-00 7317
1619514000 2021-04-27-18-00 7261
1619517904 2021-04-27-19-05 7267
1619532000 2021-04-27-23-00 7135
1619535600 2021-04-28-00-00 7130
1619539200 2021-04-28-01-00 7146
1619542800 2021-04-28-02-00 7149
1619546400 2021-04-28-03-00 7149
1619550000 2021-04-28-04-00 7149
1619553600 2021-04-28-05-00 7238
1619557200 2021-04-28-06-00 7215
1619560800 2021-04-28-07-00 7225
1619564400 2021-04-28-08-00 7217
1619568000 2021-04-28-09-00 7226
1619571600 2021-04-28-10-00 7143
1619575200 2021-04-28-11-00 7143
1619578800 2021-04-28-12-00 7143
1619582400 2021-04-28-13-00 7143
1619586001 2021-04-28-14-00 7131
1619589600 2021-04-28-15-00 7132
1619593200 2021-04-28-16-00 7134
1619596800 2021-04-28-17-00 7138
1619600400 2021-04-28-18-00 7142
1619604000 2021-04-28-19-00 7344
1619607600 2021-04-28-20-00 7345
1619611200 2021-04-28-21-00 7197
1619614800 2021-04-28-22-00 7198
1619618400 2021-04-28-23-00 7200
1619622000 2021-04-29-00-00 7202
1619629200 2021-04-29-02-00 7275
1619632800 2021-04-29-03-00 7267
1619636400 2021-04-29-04-00 7264
1619640000 2021-04-29-05-00 7239
1619643600 2021-04-29-06-00 7239
1619647200 2021-04-29-07-00 7229
1619650800 2021-04-29-08-00 7216
1619654400 2021-04-29-09-00 7249
1619658000 2021-04-29-10-00 7247
1619661600 2021-04-29-11-00 7254
1619665200 2021-04-29-12-00 7253
1619668801 2021-04-29-13-00 7174
1619672400 2021-04-29-14-00 7174
1619676000 2021-04-29-15-00 7206
1619679600 2021-04-29-16-00 7206
1619683200 2021-04-29-17-00 7206
1619686800 2021-04-29-18-00 7254
1619690400 2021-04-29-19-00 7249
1619694000 2021-04-29-20-00 7337
1619722800 2021-04-30-04-00 7148
1619726400 2021-04-30-05-00 7113
1619730000 2021-04-30-06-00 7131
1619733600 2021-04-30-07-00 7217
1619748001 2021-04-30-11-00 7159
1619751600 2021-04-30-12-00 7200
1619755200 2021-04-30-13-00 7243
1619758800 2021-04-30-14-00 7236
1619762400 2021-04-30-15-00 7242
1619766000 2021-04-30-16-00 7308
1619769600 2021-04-30-17-00 7177
1619773200 2021-04-30-18-00 7191
1619776801 2021-04-30-19-00 7175
1619780400 2021-04-30-20-00 7178
1619784000 2021-04-30-21-00 7180
1619787601 2021-04-30-22-00 7180
1619791200 2021-04-30-23-00 7180
1619805601 2021-05-01-03-00 7396
1619874000 2021-05-01-22-00 7053
1619877600 2021-05-01-23-00 7291
1619910000 2021-05-02-08-00 7348
1619913600 2021-05-02-09-00 7300
1619917200 2021-05-02-10-00 7264
1619920800 2021-05-02-11-00 7250
1619924400 2021-05-02-12-00 7285
1619931600 2021-05-02-14-00 7238
1619935200 2021-05-02-15-00 7267
1619938800 2021-05-02-16-00 7277
1619942400 2021-05-02-17-00 7308
1619946001 2021-05-02-18-00 7304
1619949600 2021-05-02-19-00 7284
1619953200 2021-05-02-20-00 7280
1619956800 2021-05-02-21-00 7293
1619960400 2021-05-02-22-00 7275
1619964000 2021-05-02-23-00 7307
1619967600 2021-05-03-00-00 7300
1619996400 2021-05-03-08-00 7192
1620010800 2021-05-03-12-00 7149
1620014400 2021-05-03-13-00 7243
1620018000 2021-05-03-14-00 7212
1620032400 2021-05-03-18-00 7287
1620036000 2021-05-03-19-00 7287
1620039600 2021-05-03-20-00 7301
1620043200 2021-05-03-21-00 7312
1620072000 2021-05-04-05-00 7239
1620075600 2021-05-04-06-00 7239
1620079201 2021-05-04-07-00 7238
1620082800 2021-05-04-08-00 7316
1620090000 2021-05-04-10-00 7313
1620100800 2021-05-04-13-00 7326
1620104400 2021-05-04-14-00 7339
1620111600 2021-05-04-16-00 7297
1620115353 2021-05-04-17-02 7270
1620126000 2021-05-04-20-00 7293
1620129600 2021-05-04-21-00 7293
1620133200 2021-05-04-22-00 7304
1620172800 2021-05-05-09-00 6984
1620176400 2021-05-05-10-00 7267
1620180000 2021-05-05-11-00 7246
1620183600 2021-05-05-12-00 7279
1620187200 2021-05-05-13-00 7259
1620190800 2021-05-05-14-00 7273
1620194400 2021-05-05-15-00 7273
1620198000 2021-05-05-16-00 7273
1620201600 2021-05-05-17-00 7296
1620205200 2021-05-05-18-00 7295
1620208800 2021-05-05-19-00 7296
1620212400 2021-05-05-20-00 7137
1620223200 2021-05-05-23-00 7206
1620226800 2021-05-06-00-00 7206
1620230400 2021-05-06-01-00 7210
1620234001 2021-05-06-02-00 7210
1620237601 2021-05-06-03-00 7210
1620241201 2021-05-06-04-00 7210
1620244800 2021-05-06-05-00 7210
1620248400 2021-05-06-06-00 7208
1620252001 2021-05-06-07-00 7208
1620255600 2021-05-06-08-00 7222
1620262800 2021-05-06-10-00 7257
1620266401 2021-05-06-11-00 7303
1620270000 2021-05-06-12-00 7293
1620273600 2021-05-06-13-00 7259
1620277200 2021-05-06-14-00 7259
1620288000 2021-05-06-17-00 7250
1620291600 2021-05-06-18-00 7334
1620295200 2021-05-06-19-00 7334
1620298800 2021-05-06-20-00 7334
1620302400 2021-05-06-21-00 7334
1620306001 2021-05-06-22-00 7341
1620313200 2021-05-07-00-00 7273
1620345600 2021-05-07-09-00 7230
1620349201 2021-05-07-10-00 7334
1620352800 2021-05-07-11-00 7319
1620356400 2021-05-07-12-00 7293
1620360000 2021-05-07-13-00 7313
1620363600 2021-05-07-14-00 7304
1620370800 2021-05-07-16-00 7333
1620374400 2021-05-07-17-00 7331
1620378000 2021-05-07-18-00 7333
1620381600 2021-05-07-19-00 7320
1620385200 2021-05-07-20-00 7291
1620388800 2021-05-07-21-00 7315
1620392400 2021-05-07-22-00 7253
1620428400 2021-05-08-08-00 7228
1620432000 2021-05-08-09-00 7228
1620457200 2021-05-08-16-00 7324
1620486000 2021-05-09-00-00 7408
1620489600 2021-05-09-01-00 7365
1620493200 2021-05-09-02-00 7351
1620496801 2021-05-09-03-00 7351
1620500400 2021-05-09-04-00 7367
1620504000 2021-05-09-05-00 7367
1620507600 2021-05-09-06-00 7367
1620511200 2021-05-09-07-00 7367
1620514800 2021-05-09-08-00 7367
1620518400 2021-05-09-09-00 7367
1620522000 2021-05-09-10-00 7367
1620525600 2021-05-09-11-00 7373
1620529200 2021-05-09-12-00 7329
1620532800 2021-05-09-13-00 7369
1620536400 2021-05-09-14-00 7302
1620540000 2021-05-09-15-00 7350
1620543600 2021-05-09-16-00 7333
1620547200 2021-05-09-17-00 7333
1620550800 2021-05-09-18-00 7333
1620554400 2021-05-09-19-00 7333
1620558000 2021-05-09-20-00 7333
1620561600 2021-05-09-21-00 7333
1620565200 2021-05-09-22-00 7340
1620568800 2021-05-09-23-00 7340
1620572400 2021-05-10-00-00 7340
1620576000 2021-05-10-01-00 7340
1620579600 2021-05-10-02-00 7338
1620583200 2021-05-10-03-00 7337
1620586800 2021-05-10-04-00 7338
1620590400 2021-05-10-05-00 7338
1620594000 2021-05-10-06-00 7338
1620597600 2021-05-10-07-00 7338
1620612000 2021-05-10-11-00 7332
1620615600 2021-05-10-12-00 7304
1620622800 2021-05-10-14-00 7329
1620626400 2021-05-10-15-00 7333
1620633600 2021-05-10-17-00 7393
1620637200 2021-05-10-18-00 7393
1620640800 2021-05-10-19-00 7419
1620644400 2021-05-10-20-00 7383
1620648000 2021-05-10-21-00 7397
1620651600 2021-05-10-22-00 7319
1620684000 2021-05-11-07-00 7267
1620687601 2021-05-11-08-00 7267
1620691200 2021-05-11-09-00 7304
1620698400 2021-05-11-11-00 7270
1620702000 2021-05-11-12-00 7282
1620705654 2021-05-11-13-00 7272
1620716400 2021-05-11-16-00 7264
1620720000 2021-05-11-17-00 7276
1620723600 2021-05-11-18-00 7290
1620727200 2021-05-11-19-00 7290
1620730800 2021-05-11-20-00 7271
1620734400 2021-05-11-21-00 7281
1620738000 2021-05-11-22-00 7248
1620741600 2021-05-11-23-00 7238
1620745200 2021-05-12-00-00 7250
1620748800 2021-05-12-01-00 7259
1620752400 2021-05-12-02-00 7257
1620759601 2021-05-12-04-00 7205
1620763200 2021-05-12-05-00 7225
1620766800 2021-05-12-06-00 7203
1620770400 2021-05-12-07-00 7220
1620774000 2021-05-12-08-00 7197
1620777600 2021-05-12-09-00 7155
1620781200 2021-05-12-10-00 7155
1620784800 2021-05-12-11-00 7169
1620788400 2021-05-12-12-00 7169
1620792000 2021-05-12-13-00 7169
1620795600 2021-05-12-14-00 7156
1620803115 2021-05-12-16-05 7159
1620810000 2021-05-12-18-00 7232
1620813600 2021-05-12-19-00 7213
1620817200 2021-05-12-20-00 7195
1620824400 2021-05-12-22-00 7207
1620864000 2021-05-13-09-00 7253
1620867600 2021-05-13-10-00 7257
1620871200 2021-05-13-11-00 7166
1620874800 2021-05-13-12-00 7166
1620878400 2021-05-13-13-00 7170
1620882000 2021-05-13-14-00 7244
1620885600 2021-05-13-15-00 7245
1620889201 2021-05-13-16-00 7273
1620892800 2021-05-13-17-00 7309
1620896400 2021-05-13-18-00 7278
1620900001 2021-05-13-19-00 7278
1620925200 2021-05-14-02-00 7321
1620928800 2021-05-14-03-00 7321
1620932400 2021-05-14-04-00 7334
1620936000 2021-05-14-05-00 7344
1620943200 2021-05-14-07-00 7291
1620964800 2021-05-14-13-00 7271
1620968400 2021-05-14-14-00 7293
1620972000 2021-05-14-15-00 7316
1620975600 2021-05-14-16-00 7350
1620979200 2021-05-14-17-00 7335
1620982800 2021-05-14-18-00 7344
1620986400 2021-05-14-19-00 7344
1620990000 2021-05-14-20-00 7344
1620993600 2021-05-14-21-00 7344
1620997200 2021-05-14-22-00 7344
1621000800 2021-05-14-23-00 7344
1621004401 2021-05-15-00-00 7344
1621008000 2021-05-15-01-00 7344
1621011600 2021-05-15-02-00 7344
1621015200 2021-05-15-03-00 7347
1621018801 2021-05-15-04-00 7347
1621022400 2021-05-15-05-00 7346
1621026000 2021-05-15-06-00 7346
1621029600 2021-05-15-07-00 7388
1621033200 2021-05-15-08-00 7388
1621036800 2021-05-15-09-00 7388
1621040400 2021-05-15-10-00 7384
1621044000 2021-05-15-11-00 7384
1621047600 2021-05-15-12-00 7384
1621051200 2021-05-15-13-00 7384
1621054800 2021-05-15-14-00 7384
1621058400 2021-05-15-15-00 7373
1621062000 2021-05-15-16-00 7359
1621065600 2021-05-15-17-00 7326
1621069201 2021-05-15-18-00 7326
1621072800 2021-05-15-19-00 7315
1621076400 2021-05-15-20-00 7315
1621080000 2021-05-15-21-00 7315
1621083600 2021-05-15-22-00 7315
1621087201 2021-05-15-23-00 7315
1621090800 2021-05-16-00-00 7312
1621094400 2021-05-16-01-00 7312
1621101600 2021-05-16-03-00 7308
1621105200 2021-05-16-04-00 7309
1621108800 2021-05-16-05-00 7308
1621112400 2021-05-16-06-00 7308
1621116000 2021-05-16-07-00 7308
1621119600 2021-05-16-08-00 7308
1621123200 2021-05-16-09-00 7305
1621126800 2021-05-16-10-00 7305
1621130400 2021-05-16-11-00 7305
1621134000 2021-05-16-12-00 7305
1621137600 2021-05-16-13-00 7305
1621141201 2021-05-16-14-00 7303
1621144800 2021-05-16-15-00 7291
1621152000 2021-05-16-17-00 7242
1621155600 2021-05-16-18-00 7251
1621159201 2021-05-16-19-00 7240
1621162800 2021-05-16-20-00 7240
1621166400 2021-05-16-21-00 7264
1621170001 2021-05-16-22-00 7264
1621173600 2021-05-16-23-00 7241
1621177200 2021-05-17-00-00 7241
1621180801 2021-05-17-01-00 7241
1621184400 2021-05-17-02-00 7241
1621188000 2021-05-17-03-00 7241
1621191601 2021-05-17-04-00 7241
1621195200 2021-05-17-05-00 7241
1621198800 2021-05-17-06-00 7241
1621202400 2021-05-17-07-00 7263
1621206000 2021-05-17-08-00 7265
1621209600 2021-05-17-09-00 7259
1621213200 2021-05-17-10-00 7306
1621216800 2021-05-17-11-00 7224
1621220400 2021-05-17-12-00 7253
1621224000 2021-05-17-13-00 7247
1621227600 2021-05-17-14-00 7225
1621231200 2021-05-17-15-00 7225
1621234800 2021-05-17-16-00 7225
1621238400 2021-05-17-17-00 7225
1621242000 2021-05-17-18-00 7265
1621245600 2021-05-17-19-00 7261
1621249200 2021-05-17-20-00 7264
1621252800 2021-05-17-21-00 7313
1621256400 2021-05-17-22-00 7301
1621260000 2021-05-17-23-00 7298
1621263600 2021-05-18-00-00 7287
1621267200 2021-05-18-01-00 7283
1621270800 2021-05-18-02-00 7283
1621274400 2021-05-18-03-00 7283
1621278000 2021-05-18-04-00 7283
1621281600 2021-05-18-05-00 7283
1621285200 2021-05-18-06-00 7284
1621288800 2021-05-18-07-00 7284
1621292400 2021-05-18-08-00 7284
1621296001 2021-05-18-09-00 7284
1621299600 2021-05-18-10-00 7277
1621303200 2021-05-18-11-00 7109
1621306800 2021-05-18-12-00 7325
1621310400 2021-05-18-13-00 7309
1621314000 2021-05-18-14-00 7325
1621317600 2021-05-18-15-00 7347
1621321200 2021-05-18-16-00 7209
1621324800 2021-05-18-17-00 7206
1621328400 2021-05-18-18-00 7206
1621332000 2021-05-18-19-00 7195
1621335600 2021-05-18-20-00 7195
1621339200 2021-05-18-21-00 7191
1621342800 2021-05-18-22-00 7202
1621346400 2021-05-18-23-00 7202
1621350000 2021-05-19-00-00 7202
1621353600 2021-05-19-01-00 7202
1621357200 2021-05-19-02-00 7202
1621360800 2021-05-19-03-00 7405
1621364400 2021-05-19-04-00 7256
1621368000 2021-05-19-05-00 7257
1621371600 2021-05-19-06-00 7258
1621375200 2021-05-19-07-00 7258
1621378800 2021-05-19-08-00 7273
1621382400 2021-05-19-09-00 7267
1621386000 2021-05-19-10-00 7272
1621389600 2021-05-19-11-00 7272
1621393201 2021-05-19-12-00 7272
1621396800 2021-05-19-13-00 7272
1621400401 2021-05-19-14-00 7272
1621404000 2021-05-19-15-00 7232
1621407600 2021-05-19-16-00 7439
1621411200 2021-05-19-17-00 7276
1621414800 2021-05-19-18-00 7332
1621422000 2021-05-19-20-00 7324
1621425600 2021-05-19-21-00 7325
1621429200 2021-05-19-22-00 7327
1621432800 2021-05-19-23-00 7327
1621436400 2021-05-20-00-00 7327
1621440000 2021-05-20-01-00 7327
1621443600 2021-05-20-02-00 7327
1621447200 2021-05-20-03-00 7327
1621450800 2021-05-20-04-00 7344
1621454400 2021-05-20-05-00 7243
1621458000 2021-05-20-06-00 7193
1621465200 2021-05-20-08-00 7364
1621468800 2021-05-20-09-00 7328
1621472400 2021-05-20-10-00 7328
1621476000 2021-05-20-11-00 7341
1621479600 2021-05-20-12-00 7343
1621483200 2021-05-20-13-00 7342
1621486800 2021-05-20-14-00 7323
1621494001 2021-05-20-16-00 7406
1621497600 2021-05-20-17-00 7420
1621501200 2021-05-20-18-00 7420
1621504800 2021-05-20-19-00 7358
1621508400 2021-05-20-20-00 7333
1621512000 2021-05-20-21-00 7333
1621515600 2021-05-20-22-00 7333
1621519200 2021-05-20-23-00 7333
1621522800 2021-05-21-00-00 7344
1621526400 2021-05-21-01-00 7344
1621530000 2021-05-21-02-00 7278
1621544401 2021-05-21-06-00 7211
1621548000 2021-05-21-07-00 7211
1621551600 2021-05-21-08-00 7215
1621555200 2021-05-21-09-00 7215
1621558800 2021-05-21-10-00 7215
1621562400 2021-05-21-11-00 7283
1621566000 2021-05-21-12-00 7274
1621569600 2021-05-21-13-00 7276
1621573200 2021-05-21-14-00 7276
1621576800 2021-05-21-15-00 7277
1621580400 2021-05-21-16-00 7422
1621584000 2021-05-21-17-00 7317
1621587600 2021-05-21-18-00 7298
1621591200 2021-05-21-19-00 7325
1621594800 2021-05-21-20-00 7326
1621605600 2021-05-21-23-00 7330
1621609201 2021-05-22-00-00 7330
1621612800 2021-05-22-01-00 7330
1621616401 2021-05-22-02-00 7330
1621620000 2021-05-22-03-00 7330
1621623601 2021-05-22-04-00 7309
1621627200 2021-05-22-05-00 7309
1621630800 2021-05-22-06-00 7309
1621634400 2021-05-22-07-00 7309
1621638000 2021-05-22-08-00 7307
1621641600 2021-05-22-09-00 7228
1621645200 2021-05-22-10-00 7100
1621648800 2021-05-22-11-00 7283
1621652400 2021-05-22-12-00 7319
1621656000 2021-05-22-13-00 7311
1621659601 2021-05-22-14-00 7311
1621663200 2021-05-22-15-00 7335
1621666800 2021-05-22-16-00 7334
1621670400 2021-05-22-17-00 7334
1621674000 2021-05-22-18-00 7335
1621677600 2021-05-22-19-00 7337
1621681200 2021-05-22-20-00 7337
1621684800 2021-05-22-21-00 7334
1621688400 2021-05-22-22-00 7325
1621692000 2021-05-22-23-00 7325
1621695600 2021-05-23-00-00 7324
1621699200 2021-05-23-01-00 7326
1621702800 2021-05-23-02-00 7326
1621706400 2021-05-23-03-00 7326
1621710000 2021-05-23-04-00 7326
1621713600 2021-05-23-05-00 7327
1621717200 2021-05-23-06-00 7327
1621720800 2021-05-23-07-00 7327
1621724400 2021-05-23-08-00 7327
1621728000 2021-05-23-09-00 7329
1621731600 2021-05-23-10-00 7329
1621735200 2021-05-23-11-00 7329
1621738800 2021-05-23-12-00 7328
1621742400 2021-05-23-13-00 7330
1621746000 2021-05-23-14-00 7345
1621749600 2021-05-23-15-00 7360
1621753200 2021-05-23-16-00 7334
1621756800 2021-05-23-17-00 7232
1621760400 2021-05-23-18-00 7232
1621764000 2021-05-23-19-00 7232
1621767600 2021-05-23-20-00 7174
1621771201 2021-05-23-21-00 7174
1621774800 2021-05-23-22-00 7170
1621778400 2021-05-23-23-00 7119
1621782000 2021-05-24-00-00 7038
1621785600 2021-05-24-01-00 7127
1621789200 2021-05-24-02-00 7139
1621792800 2021-05-24-03-00 7164
1621796400 2021-05-24-04-00 7327
1621800001 2021-05-24-05-00 7328
1621803600 2021-05-24-06-00 7328
1621807200 2021-05-24-07-00 7328
1621810800 2021-05-24-08-00 7328
1621814400 2021-05-24-09-00 7328
1621818000 2021-05-24-10-00 7328
1621821600 2021-05-24-11-00 7328
1621825200 2021-05-24-12-00 7329
1621832400 2021-05-24-14-00 7325
1621836000 2021-05-24-15-00 7326
1621839600 2021-05-24-16-00 7325
1621843200 2021-05-24-17-00 7329
1621846800 2021-05-24-18-00 7329
1621850400 2021-05-24-19-00 7329
1621854000 2021-05-24-20-00 7329
1621857601 2021-05-24-21-00 7323
1621861200 2021-05-24-22-00 7331
1621864801 2021-05-24-23-00 7345
1621868401 2021-05-25-00-00 7321
1621872000 2021-05-25-01-00 7321
1621875601 2021-05-25-02-00 7321
1621879201 2021-05-25-03-00 7325
1621882800 2021-05-25-04-00 7325
1621886400 2021-05-25-05-00 7325
1621890000 2021-05-25-06-00 7322
1621893601 2021-05-25-07-00 7322
1621897200 2021-05-25-08-00 7322
1621900800 2021-05-25-09-00 7322
1621904400 2021-05-25-10-00 7322
1621908000 2021-05-25-11-00 7322
1621911600 2021-05-25-12-00 7321
1621915200 2021-05-25-13-00 7319
1621918800 2021-05-25-14-00 7319
1621922400 2021-05-25-15-00 7319
1621926000 2021-05-25-16-00 7327
1621929600 2021-05-25-17-00 7320
1621933200 2021-05-25-18-00 7320
1621936800 2021-05-25-19-00 7314
1621940400 2021-05-25-20-00 7314
1621944000 2021-05-25-21-00 7301
1621947600 2021-05-25-22-00 7301
1621951200 2021-05-25-23-00 7301
1621954800 2021-05-26-00-00 7299
1621958401 2021-05-26-01-00 7299
1621962000 2021-05-26-02-00 7299
1621965600 2021-05-26-03-00 7299
1621969200 2021-05-26-04-00 7299
1621972800 2021-05-26-05-00 7299
1621976400 2021-05-26-06-00 7299
1621980000 2021-05-26-07-00 7292
1621983600 2021-05-26-08-00 7292
1621987201 2021-05-26-09-00 7292
1621990800 2021-05-26-10-00 7292
1621994400 2021-05-26-11-00 7284
1621998000 2021-05-26-12-00 7284
1622001600 2021-05-26-13-00 7292
1622005201 2021-05-26-14-00 7292
1622008800 2021-05-26-15-00 7292
1622012400 2021-05-26-16-00 7296
1622016000 2021-05-26-17-00 7296
1622019600 2021-05-26-18-00 7296
1622023200 2021-05-26-19-00 7288
1622026800 2021-05-26-20-00 7288
1622030400 2021-05-26-21-00 7288
1622034000 2021-05-26-22-00 7304
1622037600 2021-05-26-23-00 7297
1622041200 2021-05-27-00-00 7297
1622044800 2021-05-27-01-00 7297
1622048400 2021-05-27-02-00 7297
1622052000 2021-05-27-03-00 7297
1622055601 2021-05-27-04-00 7306
1622077200 2021-05-27-10-00 7279
1622080800 2021-05-27-11-00 7279
1622084400 2021-05-27-12-00 7278
1622088000 2021-05-27-13-00 7279
1622091600 2021-05-27-14-00 7276
1622102400 2021-05-27-17-00 7287
1622106000 2021-05-27-18-00 7273
1622109600 2021-05-27-19-00 7272
1622113200 2021-05-27-20-00 7272
1622116800 2021-05-27-21-00 7272
1622120400 2021-05-27-22-00 7272
1622124000 2021-05-27-23-00 7279
1622127600 2021-05-28-00-00 7279
1622131200 2021-05-28-01-00 7279
1622134800 2021-05-28-02-00 7279
1622138400 2021-05-28-03-00 7279
1622142000 2021-05-28-04-00 7279
1622145600 2021-05-28-05-00 7276
1622149200 2021-05-28-06-00 7269
1622152800 2021-05-28-07-00 7269
1622156400 2021-05-28-08-00 7269
1622160000 2021-05-28-09-00 7281
1622163600 2021-05-28-10-00 7279
1622167200 2021-05-28-11-00 7280
1622170800 2021-05-28-12-00 7335
1622174400 2021-05-28-13-00 7280
1622178000 2021-05-28-14-00 7278
1622181601 2021-05-28-15-00 7285
1622185200 2021-05-28-16-00 7308
1622188981 2021-05-28-17-03 7308
1622192400 2021-05-28-18-00 7297
1622196000 2021-05-28-19-00 7300
1622199600 2021-05-28-20-00 7204
1622203200 2021-05-28-21-00 7201
1622206800 2021-05-28-22-00 7183
1622210400 2021-05-28-23-00 7121
1622214000 2021-05-29-00-00 7121
1622217600 2021-05-29-01-00 7121
1622221200 2021-05-29-02-00 7121
1622224800 2021-05-29-03-00 7121
1622228400 2021-05-29-04-00 7121
1622232000 2021-05-29-05-00 7084
1622235601 2021-05-29-06-00 7084
1622239200 2021-05-29-07-00 7085
1622242800 2021-05-29-08-00 7085
1622246400 2021-05-29-09-00 7093
1622250000 2021-05-29-10-00 7093
1622253600 2021-05-29-11-00 7104
1622257200 2021-05-29-12-00 7104
1622260800 2021-05-29-13-00 7104
1622264400 2021-05-29-14-00 7104
1622268000 2021-05-29-15-00 7103
1622271600 2021-05-29-16-00 7103
1622275200 2021-05-29-17-00 7103
1622278800 2021-05-29-18-00 7123
1622282400 2021-05-29-19-00 7128
1622286000 2021-05-29-20-00 7120
1622289600 2021-05-29-21-00 7120
1622293200 2021-05-29-22-00 7121
1622296800 2021-05-29-23-00 7121
1622300400 2021-05-30-00-00 7120
1622304001 2021-05-30-01-00 7120
1622307600 2021-05-30-02-00 7120
1622311200 2021-05-30-03-00 7119
1622314801 2021-05-30-04-00 7119
1622318400 2021-05-30-05-00 7092
1622322000 2021-05-30-06-00 7092
1622325600 2021-05-30-07-00 7092
1622329200 2021-05-30-08-00 7092
1622332800 2021-05-30-09-00 7092
1622336400 2021-05-30-10-00 7103
1622340000 2021-05-30-11-00 7103
1622343600 2021-05-30-12-00 7103
1622347200 2021-05-30-13-00 7103
1622350800 2021-05-30-14-00 7103
1622354401 2021-05-30-15-00 7103
1622358000 2021-05-30-16-00 7128
1622361600 2021-05-30-17-00 7129
1622365200 2021-05-30-18-00 7255
1622368800 2021-05-30-19-00 7264
1622372400 2021-05-30-20-00 7262
1622376001 2021-05-30-21-00 7262
1622379600 2021-05-30-22-00 7262
1622383200 2021-05-30-23-00 7259
1622386800 2021-05-31-00-00 7259
1622390400 2021-05-31-01-00 7259
1622394000 2021-05-31-02-00 7259
1622397600 2021-05-31-03-00 7259
1622401200 2021-05-31-04-00 7259
1622404800 2021-05-31-05-00 7264
1622408400 2021-05-31-06-00 7264
1622412000 2021-05-31-07-00 7264
1622415600 2021-05-31-08-00 7264
1622419200 2021-05-31-09-00 7264
1622422800 2021-05-31-10-00 7264
1622426400 2021-05-31-11-00 7264
1622430000 2021-05-31-12-00 7262
1622448000 2021-05-31-17-00 7236
1622451600 2021-05-31-18-00 7257
1622455200 2021-05-31-19-00 7257
1622458800 2021-05-31-20-00 7259
1622462400 2021-05-31-21-00 7259
1622466000 2021-05-31-22-00 7259
1622469600 2021-05-31-23-00 7259
1622473200 2021-06-01-00-00 7266
1622476800 2021-06-01-01-00 7266
1622480400 2021-06-01-02-00 7266
1622484000 2021-06-01-03-00 7260
1622487600 2021-06-01-04-00 7261
1622491200 2021-06-01-05-00 7264
1622494801 2021-06-01-06-00 7264
1622498400 2021-06-01-07-00 7264
1622502001 2021-06-01-08-00 7264
1622505601 2021-06-01-09-00 7264
1622509200 2021-06-01-10-00 7264
1622512800 2021-06-01-11-00 7273
1622516400 2021-06-01-12-00 7275
1622520000 2021-06-01-13-00 7275
1622523600 2021-06-01-14-00 7275
1622527200 2021-06-01-15-00 7264
1622530800 2021-06-01-16-00 7264
1622534400 2021-06-01-17-00 7272
1622538000 2021-06-01-18-00 7299
1622556000 2021-06-01-23-00 7276
1622559600 2021-06-02-00-00 7264
1622563200 2021-06-02-01-00 7264
1622566800 2021-06-02-02-00 7264
1622570400 2021-06-02-03-00 7264
1622574000 2021-06-02-04-00 7264
1622577600 2021-06-02-05-00 7264
1622581200 2021-06-02-06-00 7264
1622584800 2021-06-02-07-00 7264
1622588400 2021-06-02-08-00 7264
1622592000 2021-06-02-09-00 7249
1622595600 2021-06-02-10-00 7249
1622599200 2021-06-02-11-00 7249
1622602800 2021-06-02-12-00 7249
1622606400 2021-06-02-13-00 7250
1622620800 2021-06-02-17-00 7246
1622624400 2021-06-02-18-00 7246
1622628000 2021-06-02-19-00 7246
1622631600 2021-06-02-20-00 7245
1622635200 2021-06-02-21-00 7246
1622638801 2021-06-02-22-00 7246
1622642400 2021-06-02-23-00 7246
1622646000 2021-06-03-00-00 7246
1622649600 2021-06-03-01-00 7257
1622653200 2021-06-03-02-00 7257
1622656800 2021-06-03-03-00 7257
1622660400 2021-06-03-04-00 7257
1622664000 2021-06-03-05-00 7257
1622667600 2021-06-03-06-00 7257
1622671200 2021-06-03-07-00 7257
1622674800 2021-06-03-08-00 7256
1622678401 2021-06-03-09-00 7255
1622682000 2021-06-03-10-00 7255
1622685600 2021-06-03-11-00 7255
1622689200 2021-06-03-12-00 7255
1622692800 2021-06-03-13-00 7255
1622696400 2021-06-03-14-00 7255
1622700001 2021-06-03-15-00 7255
1622703600 2021-06-03-16-00 7262
1622707200 2021-06-03-17-00 7262
1622710800 2021-06-03-18-00 7262
1622714400 2021-06-03-19-00 7262
1622718000 2021-06-03-20-00 7266
1622721600 2021-06-03-21-00 7266
1622725200 2021-06-03-22-00 7266
1622728800 2021-06-03-23-00 7266
1622732400 2021-06-04-00-00 7253
1622736001 2021-06-04-01-00 7253
1622739601 2021-06-04-02-00 7253
1622743200 2021-06-04-03-00 7253
1622746800 2021-06-04-04-00 7253
1622750400 2021-06-04-05-00 7256
1622754000 2021-06-04-06-00 7256
1622757600 2021-06-04-07-00 7256
1622761200 2021-06-04-08-00 7273
1622764800 2021-06-04-09-00 7311
1622768400 2021-06-04-10-00 7311
1622772000 2021-06-04-11-00 7311
1622775600 2021-06-04-12-00 7311
1622779200 2021-06-04-13-00 7311
1622782800 2021-06-04-14-00 7311
1622786400 2021-06-04-15-00 7305
1622790000 2021-06-04-16-00 7305
1622793600 2021-06-04-17-00 7305
1622797200 2021-06-04-18-00 7305
1622800800 2021-06-04-19-00 7302
1622804400 2021-06-04-20-00 7302
1622808001 2021-06-04-21-00 7300
1622811600 2021-06-04-22-00 7300
1622815200 2021-06-04-23-00 7300
1622818800 2021-06-05-00-00 7300
1622822400 2021-06-05-01-00 7300
1622826000 2021-06-05-02-00 7301
1622829600 2021-06-05-03-00 7301
1622833201 2021-06-05-04-00 7301
1622836800 2021-06-05-05-00 7301
1622840400 2021-06-05-06-00 7299
1622844000 2021-06-05-07-00 7307
1622847600 2021-06-05-08-00 7307
1622851201 2021-06-05-09-00 7307
1622854800 2021-06-05-10-00 7307
1622858400 2021-06-05-11-00 7304
1622862000 2021-06-05-12-00 7304
1622865600 2021-06-05-13-00 7332
1622869200 2021-06-05-14-00 7321
1622872800 2021-06-05-15-00 7323
1622876400 2021-06-05-16-00 7323
1622880000 2021-06-05-17-00 7305
1622883600 2021-06-05-18-00 7294
1622894400 2021-06-05-21-00 7245
1622898000 2021-06-05-22-00 7256
1622901600 2021-06-05-23-00 7256
1622905201 2021-06-06-00-00 7260
1622908800 2021-06-06-01-00 7260
1622912400 2021-06-06-02-00 7260
1622916000 2021-06-06-03-00 7267
1622919600 2021-06-06-04-00 7257
1622923200 2021-06-06-05-00 7257
1622926800 2021-06-06-06-00 7257
1622930400 2021-06-06-07-00 7257
1622934000 2021-06-06-08-00 7257
1622937601 2021-06-06-09-00 7267
1622944800 2021-06-06-11-00 7292
1622948401 2021-06-06-12-00 7334
1622988000 2021-06-06-23-00 7227
1622991600 2021-06-07-00-00 7296
1622995200 2021-06-07-01-00 7296
1622998800 2021-06-07-02-00 7296
1623002400 2021-06-07-03-00 7296
1623006000 2021-06-07-04-00 7296
1623009600 2021-06-07-05-00 7279
1623013200 2021-06-07-06-00 7247
1623016800 2021-06-07-07-00 7247
1623020400 2021-06-07-08-00 7247
1623024000 2021-06-07-09-00 7261
1623027600 2021-06-07-10-00 7261
1623031200 2021-06-07-11-00 7276
1623034800 2021-06-07-12-00 7278
1623038400 2021-06-07-13-00 7271
1623042000 2021-06-07-14-00 7271
1623045600 2021-06-07-15-00 7271
1623049200 2021-06-07-16-00 7271
1623052800 2021-06-07-17-00 7276
1623056400 2021-06-07-18-00 7229
1623060000 2021-06-07-19-00 7264
1623063600 2021-06-07-20-00 7258
1623070800 2021-06-07-22-00 7232
1623074400 2021-06-07-23-00 7217
1623078000 2021-06-08-00-00 7224
1623081600 2021-06-08-01-00 7219
1623085200 2021-06-08-02-00 7220
1623088800 2021-06-08-03-00 7220
1623092401 2021-06-08-04-00 7235
1623096000 2021-06-08-05-00 7235
1623099601 2021-06-08-06-00 7235
1623103200 2021-06-08-07-00 7235
1623106800 2021-06-08-08-00 7235
1623110400 2021-06-08-09-00 7235
1623114000 2021-06-08-10-00 7251
1623117600 2021-06-08-11-00 7250
1623121200 2021-06-08-12-00 7248
1623124801 2021-06-08-13-00 7249
1623128400 2021-06-08-14-00 7250
1623132001 2021-06-08-15-00 7250
1623135600 2021-06-08-16-00 7250
1623139200 2021-06-08-17-00 7248
1623142800 2021-06-08-18-00 7248
1623146400 2021-06-08-19-00 7248
1623150000 2021-06-08-20-00 7248
1623153600 2021-06-08-21-00 7239
1623157200 2021-06-08-22-00 7241
1623160800 2021-06-08-23-00 7241
1623164400 2021-06-09-00-00 7241
1623168000 2021-06-09-01-00 7245
1623171600 2021-06-09-02-00 7245
1623175200 2021-06-09-03-00 7237
1623178800 2021-06-09-04-00 7240
1623182400 2021-06-09-05-00 7243
1623186001 2021-06-09-06-00 7243
1623189600 2021-06-09-07-00 7243
1623193200 2021-06-09-08-00 7243
1623196800 2021-06-09-09-00 7243
1623200400 2021-06-09-10-00 7243
1623204000 2021-06-09-11-00 7242
1623207600 2021-06-09-12-00 7242
1623211200 2021-06-09-13-00 7242
1623214801 2021-06-09-14-00 7242
1623218400 2021-06-09-15-00 7242
1623222000 2021-06-09-16-00 7242
1623225600 2021-06-09-17-00 7242
1623229200 2021-06-09-18-00 7251
1623232800 2021-06-09-19-00 7243
1623236400 2021-06-09-20-00 7243
1623240000 2021-06-09-21-00 7243
1623243600 2021-06-09-22-00 7243
1623247200 2021-06-09-23-00 7243
1623250800 2021-06-10-00-00 7241
1623254400 2021-06-10-01-00 7241
1623258000 2021-06-10-02-00 7241
1623261600 2021-06-10-03-00 7241
1623265200 2021-06-10-04-00 7231
1623268800 2021-06-10-05-00 7231
1623272400 2021-06-10-06-00 7231
1623276000 2021-06-10-07-00 7231
1623279600 2021-06-10-08-00 7231
1623283200 2021-06-10-09-00 7237
1623286800 2021-06-10-10-00 7237
1623290400 2021-06-10-11-00 7237
1623294000 2021-06-10-12-00 7235
1623297600 2021-06-10-13-00 7235
1623301200 2021-06-10-14-00 7235
1623304800 2021-06-10-15-00 7255
1623308400 2021-06-10-16-00 7254
1623312000 2021-06-10-17-00 7254
1623315600 2021-06-10-18-00 7245
1623319200 2021-06-10-19-00 7245
1623322800 2021-06-10-20-00 7252
1623326400 2021-06-10-21-00 7252
1623330000 2021-06-10-22-00 7252
1623333601 2021-06-10-23-00 7252
1623337201 2021-06-11-00-00 7243
1623340801 2021-06-11-01-00 7243
1623344400 2021-06-11-02-00 7243
1623348000 2021-06-11-03-00 7243
1623351600 2021-06-11-04-00 7243
1623355200 2021-06-11-05-00 7234
1623358800 2021-06-11-06-00 7234
1623362401 2021-06-11-07-00 7234
1623366000 2021-06-11-08-00 7234
1623369600 2021-06-11-09-00 7245
1623373200 2021-06-11-10-00 7253
1623376800 2021-06-11-11-00 7253
1623380401 2021-06-11-12-00 7242
1623384000 2021-06-11-13-00 7242
1623387600 2021-06-11-14-00 7242
1623391200 2021-06-11-15-00 7242
1623394800 2021-06-11-16-00 7242
1623398463 2021-06-11-17-01 7291
1623402000 2021-06-11-18-00 7233
1623405600 2021-06-11-19-00 7282
1623409200 2021-06-11-20-00 7256
1623412800 2021-06-11-21-00 7257
1623416400 2021-06-11-22-00 7276
1623420000 2021-06-11-23-00 7252
1623423600 2021-06-12-00-00 7236
1623427200 2021-06-12-01-00 7280
1623430800 2021-06-12-02-00 7280
1623434400 2021-06-12-03-00 7280
1623438000 2021-06-12-04-00 7280
1623441601 2021-06-12-05-00 7280
1623445201 2021-06-12-06-00 7280
1623448800 2021-06-12-07-00 7268
1623452400 2021-06-12-08-00 7268
1623456000 2021-06-12-09-00 7268
1623459600 2021-06-12-10-00 7268
1623463200 2021-06-12-11-00 7268
1623466800 2021-06-12-12-00 7265
1623481200 2021-06-12-16-00 7286
1623484800 2021-06-12-17-00 7267
1623488400 2021-06-12-18-00 7317
1623492000 2021-06-12-19-00 7267
1623499200 2021-06-12-21-00 7278
1623502800 2021-06-12-22-00 7278
1623506400 2021-06-12-23-00 7277
1623510000 2021-06-13-00-00 7277
1623513600 2021-06-13-01-00 7277
1623517200 2021-06-13-02-00 7289
1623520800 2021-06-13-03-00 7289
1623524400 2021-06-13-04-00 7294
1623528000 2021-06-13-05-00 7274
1623531601 2021-06-13-06-00 7274
1623535200 2021-06-13-07-00 7274
1623538800 2021-06-13-08-00 7274
1623542400 2021-06-13-09-00 7277
1623549600 2021-06-13-11-00 7198
1623553200 2021-06-13-12-00 7296
1623560400 2021-06-13-14-00 7269
1623564001 2021-06-13-15-00 7270
1623571200 2021-06-13-17-00 7241
1623574800 2021-06-13-18-00 7257
1623596400 2021-06-14-00-00 7295
1623600000 2021-06-14-01-00 7324
1623603600 2021-06-14-02-00 7299
1623607200 2021-06-14-03-00 7303
1623610800 2021-06-14-04-00 7303
1623614400 2021-06-14-05-00 7272
1623618000 2021-06-14-06-00 7272
1623621601 2021-06-14-07-00 7272
1623625201 2021-06-14-08-00 7272
1623628800 2021-06-14-09-00 7272
1623632400 2021-06-14-10-00 7291
1623636001 2021-06-14-11-00 7291
1623639600 2021-06-14-12-00 7291
1623643200 2021-06-14-13-00 7283
1623646800 2021-06-14-14-00 7283
1623650400 2021-06-14-15-00 7280
1623654000 2021-06-14-16-00 7281
1623657600 2021-06-14-17-00 7281
1623661200 2021-06-14-18-00 7281
1623664800 2021-06-14-19-00 7281
1623668400 2021-06-14-20-00 7281
1623672000 2021-06-14-21-00 7285
1623675600 2021-06-14-22-00 7285
1623679200 2021-06-14-23-00 7285
1623682800 2021-06-15-00-00 7285
1623686400 2021-06-15-01-00 7291
1623690000 2021-06-15-02-00 7291
1623693600 2021-06-15-03-00 7291
1623697200 2021-06-15-04-00 7291
1623700800 2021-06-15-05-00 7291
1623704400 2021-06-15-06-00 7291
1623708000 2021-06-15-07-00 7291
1623711600 2021-06-15-08-00 7285
1623715200 2021-06-15-09-00 7285
1623718800 2021-06-15-10-00 7285
1623722400 2021-06-15-11-00 7287
1623726000 2021-06-15-12-00 7287
1623729600 2021-06-15-13-00 7287
1623733200 2021-06-15-14-00 7287
1623736800 2021-06-15-15-00 7349
1623740400 2021-06-15-16-00 7287
1623744001 2021-06-15-17-00 7287
1623747600 2021-06-15-18-00 7287
1623751200 2021-06-15-19-00 7287
1623754800 2021-06-15-20-00 7283
1623758400 2021-06-15-21-00 7283
1623762000 2021-06-15-22-00 7289
1623765600 2021-06-15-23-00 7290
1623769200 2021-06-16-00-00 7285
1623772800 2021-06-16-01-00 7286
1623776400 2021-06-16-02-00 7284
1623780000 2021-06-16-03-00 7304
1623812400 2021-06-16-12-00 7285
1623816000 2021-06-16-13-00 7285
1623819600 2021-06-16-14-00 7285
1623823200 2021-06-16-15-00 7292
1623826800 2021-06-16-16-00 7293
1623830400 2021-06-16-17-00 7273
1623834000 2021-06-16-18-00 7291
1623837600 2021-06-16-19-00 7302
1623841200 2021-06-16-20-00 7302
1623844800 2021-06-16-21-00 7302
1623848400 2021-06-16-22-00 7302
1623852000 2021-06-16-23-00 7302
1623855600 2021-06-17-00-00 7302
1623859201 2021-06-17-01-00 7302
1623862801 2021-06-17-02-00 7302
1623866401 2021-06-17-03-00 7302
1623870000 2021-06-17-04-00 7302
1623873600 2021-06-17-05-00 7302
1623877200 2021-06-17-06-00 7327
1623880800 2021-06-17-07-00 7284
1623884400 2021-06-17-08-00 7284
1623888000 2021-06-17-09-00 7284
1623891600 2021-06-17-10-00 7284
1623895200 2021-06-17-11-00 7295
1623898800 2021-06-17-12-00 7295
1623902400 2021-06-17-13-00 7300
1623906000 2021-06-17-14-00 7300
1623909600 2021-06-17-15-00 7298
1623913200 2021-06-17-16-00 7298
1623916800 2021-06-17-17-00 7298
1623920400 2021-06-17-18-00 7298
1623924000 2021-06-17-19-00 7298
1623927600 2021-06-17-20-00 7295
1623931200 2021-06-17-21-00 7294
1623934800 2021-06-17-22-00 7294
1623945601 2021-06-18-01-00 7316
1623949200 2021-06-18-02-00 7316
1623952800 2021-06-18-03-00 7316
1623956400 2021-06-18-04-00 7316
1623960000 2021-06-18-05-00 7316
1623963600 2021-06-18-06-00 7306
1623967200 2021-06-18-07-00 7306
1623970800 2021-06-18-08-00 7306
1623974400 2021-06-18-09-00 7313
1623978001 2021-06-18-10-00 7313
1623981600 2021-06-18-11-00 7312
1623985200 2021-06-18-12-00 7312
1623988800 2021-06-18-13-00 7316
1623992400 2021-06-18-14-00 7271
1623996000 2021-06-18-15-00 7073
1623999600 2021-06-18-16-00 7081
1624003200 2021-06-18-17-00 7104
1624006800 2021-06-18-18-00 7097
1624010400 2021-06-18-19-00 7103
1624014000 2021-06-18-20-00 7103
1624017600 2021-06-18-21-00 7102
1624021200 2021-06-18-22-00 7104
1624024801 2021-06-18-23-00 7090
1624028400 2021-06-19-00-00 7090
1624032000 2021-06-19-01-00 7090
1624035601 2021-06-19-02-00 7090
1624039200 2021-06-19-03-00 7076
1624042800 2021-06-19-04-00 7104
1624046400 2021-06-19-05-00 7107
1624050000 2021-06-19-06-00 7106
1624053600 2021-06-19-07-00 7091
1624057200 2021-06-19-08-00 7091
1624060800 2021-06-19-09-00 7091
1624064400 2021-06-19-10-00 7092
1624068000 2021-06-19-11-00 7117
1624071600 2021-06-19-12-00 7117
1624075200 2021-06-19-13-00 7115
1624078800 2021-06-19-14-00 7115
1624082400 2021-06-19-15-00 7115
1624086000 2021-06-19-16-00 7109
1624089600 2021-06-19-17-00 7109
1624093200 2021-06-19-18-00 7111
1624096800 2021-06-19-19-00 7111
1624100400 2021-06-19-20-00 7139
1624104000 2021-06-19-21-00 7138
1624107600 2021-06-19-22-00 7140
1624111200 2021-06-19-23-00 7136
1624114800 2021-06-20-00-00 7143
1624118400 2021-06-20-01-00 7136
1624122001 2021-06-20-02-00 7137
1624125600 2021-06-20-03-00 7096
1624129201 2021-06-20-04-00 7096
1624132800 2021-06-20-05-00 7096
1624136400 2021-06-20-06-00 7096
1624140000 2021-06-20-07-00 7096
1624143600 2021-06-20-08-00 7096
1624147200 2021-06-20-09-00 7096
1624150801 2021-06-20-10-00 7097
1624154400 2021-06-20-11-00 7102
1624158000 2021-06-20-12-00 7107
1624161600 2021-06-20-13-00 7102
1624179600 2021-06-20-18-00 7281
1624183200 2021-06-20-19-00 7299
1624190400 2021-06-20-21-00 7284
1624194000 2021-06-20-22-00 7272
1624197600 2021-06-20-23-00 7272
1624201200 2021-06-21-00-00 7239
1624204800 2021-06-21-01-00 7239
1624208400 2021-06-21-02-00 7239
1624212000 2021-06-21-03-00 7239
1624215600 2021-06-21-04-00 7239
1624219200 2021-06-21-05-00 7241
1624222800 2021-06-21-06-00 7241
1624226400 2021-06-21-07-00 7241
1624230000 2021-06-21-08-00 7241
1624233600 2021-06-21-09-00 7241
1624237200 2021-06-21-10-00 7331
1624240800 2021-06-21-11-00 7236
1624244400 2021-06-21-12-00 7237
1624262400 2021-06-21-17-00 7202
1624266000 2021-06-21-18-00 7250
1624269600 2021-06-21-19-00 7255
1624273200 2021-06-21-20-00 7240
1624276800 2021-06-21-21-00 7212
1624280400 2021-06-21-22-00 7241
1624284000 2021-06-21-23-00 7242
1624287600 2021-06-22-00-00 7243
1624291200 2021-06-22-01-00 7241
1624294800 2021-06-22-02-00 7244
1624298400 2021-06-22-03-00 7244
1624302000 2021-06-22-04-00 7244
1624305600 2021-06-22-05-00 7244
1624309201 2021-06-22-06-00 7244
1624312800 2021-06-22-07-00 7244
1624316400 2021-06-22-08-00 7235
1624320000 2021-06-22-09-00 7235
1624323600 2021-06-22-10-00 7235
1624327200 2021-06-22-11-00 7237
1624330800 2021-06-22-12-00 7236
1624334400 2021-06-22-13-00 7236
1624356000 2021-06-22-19-00 7167
1624359600 2021-06-22-20-00 7169
1624363200 2021-06-22-21-00 7170
1624366800 2021-06-22-22-00 7170
1624370400 2021-06-22-23-00 7172
1624374000 2021-06-23-00-00 7171
1624377600 2021-06-23-01-00 7172
1624381200 2021-06-23-02-00 7173
1624384800 2021-06-23-03-00 7173
1624388400 2021-06-23-04-00 7173
1624392000 2021-06-23-05-00 7173
1624395600 2021-06-23-06-00 7173
1624399200 2021-06-23-07-00 7212
1624402800 2021-06-23-08-00 7212
1624406400 2021-06-23-09-00 7213
1624410000 2021-06-23-10-00 7212
1624413600 2021-06-23-11-00 7211
1624417200 2021-06-23-12-00 7211
1624420800 2021-06-23-13-00 7211
1624424400 2021-06-23-14-00 7223
1624428000 2021-06-23-15-00 7222
1624431600 2021-06-23-16-00 7222
1624435200 2021-06-23-17-00 7224
1624438800 2021-06-23-18-00 7223
1624464000 2021-06-24-01-00 7391
1624467600 2021-06-24-02-00 7391
1624500000 2021-06-24-11-00 7359
1624503600 2021-06-24-12-00 7373
1624507200 2021-06-24-13-00 7373
1624510800 2021-06-24-14-00 7373
1624514400 2021-06-24-15-00 7373
1624518000 2021-06-24-16-00 7359
1624521600 2021-06-24-17-00 7359
1624525200 2021-06-24-18-00 7265
1624543200 2021-06-24-23-00 7257
1624546800 2021-06-25-00-00 7257
1624550400 2021-06-25-01-00 7241
1624554000 2021-06-25-02-00 7213
1624557600 2021-06-25-03-00 7213
1624561200 2021-06-25-04-00 7110
1624564800 2021-06-25-05-00 7110
1624568400 2021-06-25-06-00 7110
1624572000 2021-06-25-07-00 7110
1624575600 2021-06-25-08-00 7110
1624579200 2021-06-25-09-00 7177
1624582800 2021-06-25-10-00 7177
1624586400 2021-06-25-11-00 7176
1624590000 2021-06-25-12-00 7173
1624593600 2021-06-25-13-00 7171
1624597201 2021-06-25-14-00 7177
1624600800 2021-06-25-15-00 7150
1624604400 2021-06-25-16-00 7152
1624608000 2021-06-25-17-00 7153
1624611600 2021-06-25-18-00 7159
1624615200 2021-06-25-19-00 7174
1624618800 2021-06-25-20-00 7169
1624622400 2021-06-25-21-00 7168
1624626000 2021-06-25-22-00 7197
1624629601 2021-06-25-23-00 7368
1624633200 2021-06-26-00-00 7248
1624636800 2021-06-26-01-00 7248
1624640401 2021-06-26-02-00 7235
1624644000 2021-06-26-03-00 7238
1624647600 2021-06-26-04-00 7238
1624651200 2021-06-26-05-00 7238
1624654800 2021-06-26-06-00 7233
1624658400 2021-06-26-07-00 7233
1624662000 2021-06-26-08-00 7233
1624665600 2021-06-26-09-00 7246
1624669200 2021-06-26-10-00 7248
1624672800 2021-06-26-11-00 7255
1624676400 2021-06-26-12-00 7261
1624680000 2021-06-26-13-00 7260
1624683600 2021-06-26-14-00 7260
1624687200 2021-06-26-15-00 7261
1624690800 2021-06-26-16-00 7261
1624694400 2021-06-26-17-00 7261
1624698001 2021-06-26-18-00 7255
1624701600 2021-06-26-19-00 7255
1624705200 2021-06-26-20-00 7260
1624708800 2021-06-26-21-00 7258
1624712400 2021-06-26-22-00 7255
1624716000 2021-06-26-23-00 7256
1624719600 2021-06-27-00-00 7257
1624723200 2021-06-27-01-00 7257
1624726800 2021-06-27-02-00 7244
1624730401 2021-06-27-03-00 7238
1624734000 2021-06-27-04-00 7238
1624737600 2021-06-27-05-00 7238
1624741200 2021-06-27-06-00 7238
1624744800 2021-06-27-07-00 7238
1624748400 2021-06-27-08-00 7238
1624752000 2021-06-27-09-00 7238
1624755600 2021-06-27-10-00 7224
1624759200 2021-06-27-11-00 7227
1624762800 2021-06-27-12-00 7228
1624766400 2021-06-27-13-00 7227
1624770000 2021-06-27-14-00 7226
1624773600 2021-06-27-15-00 7226
1624777200 2021-06-27-16-00 7226
1624780800 2021-06-27-17-00 7223
1624784400 2021-06-27-18-00 7225
1624788000 2021-06-27-19-00 7226
1624791600 2021-06-27-20-00 7270
1624795200 2021-06-27-21-00 7270
1624798800 2021-06-27-22-00 7270
1624802400 2021-06-27-23-00 7264
1624806000 2021-06-28-00-00 7262
1624809600 2021-06-28-01-00 7254
1624813200 2021-06-28-02-00 7194
1624816800 2021-06-28-03-00 7187
1624820400 2021-06-28-04-00 7168
1624824000 2021-06-28-05-00 7168
1624827600 2021-06-28-06-00 7113
1624831200 2021-06-28-07-00 7100
1624834800 2021-06-28-08-00 7100
1624838400 2021-06-28-09-00 7100
1624842000 2021-06-28-10-00 7100
1624845600 2021-06-28-11-00 7121
1624849200 2021-06-28-12-00 7121
1624852800 2021-06-28-13-00 7121
1624856401 2021-06-28-14-00 7122
1624860000 2021-06-28-15-00 7130
1624863601 2021-06-28-16-00 7130
1624867200 2021-06-28-17-00 7111
1624870800 2021-06-28-18-00 7111
1624874400 2021-06-28-19-00 7091
1624878000 2021-06-28-20-00 7092
1624881600 2021-06-28-21-00 7092
1624885200 2021-06-28-22-00 7092
1624896000 2021-06-29-01-00 7050
1624899600 2021-06-29-02-00 7044
1624903200 2021-06-29-03-00 7001
1624906800 2021-06-29-04-00 7304
1624910401 2021-06-29-05-00 6960
1624914001 2021-06-29-06-00 6960
1624917601 2021-06-29-07-00 7095
1624921201 2021-06-29-08-00 7095
1624924800 2021-06-29-09-00 7095
1624928400 2021-06-29-10-00 7095
1624932000 2021-06-29-11-00 7175
1624935600 2021-06-29-12-00 7174
1624939201 2021-06-29-13-00 7174
1624942800 2021-06-29-14-00 7174
1624946400 2021-06-29-15-00 7175
1624950000 2021-06-29-16-00 7175
1624953600 2021-06-29-17-00 7175
1624957200 2021-06-29-18-00 6996
1624960800 2021-06-29-19-00 7028
1624964401 2021-06-29-20-00 6995
1624968000 2021-06-29-21-00 6996
1624971600 2021-06-29-22-00 6956
1624975200 2021-06-29-23-00 6941
1624978800 2021-06-30-00-00 6942
1624982400 2021-06-30-01-00 6942
1624986000 2021-06-30-02-00 6941
1624989600 2021-06-30-03-00 6941
1624993201 2021-06-30-04-00 6951
1624996800 2021-06-30-05-00 6951
1625000401 2021-06-30-06-00 6942
1625004000 2021-06-30-07-00 6942
1625007601 2021-06-30-08-00 6942
1625011200 2021-06-30-09-00 6942
1625014800 2021-06-30-10-00 6914
1625018400 2021-06-30-11-00 6914
1625022000 2021-06-30-12-00 6919
1625025601 2021-06-30-13-00 6920
1625029200 2021-06-30-14-00 6919
1625032800 2021-06-30-15-00 6918
1625036400 2021-06-30-16-00 6918
1625040000 2021-06-30-17-00 6924
1625043600 2021-06-30-18-00 6925
1625047200 2021-06-30-19-00 6925
1625050800 2021-06-30-20-00 6925
1625054400 2021-06-30-21-00 6925
1625058000 2021-06-30-22-00 6925
1625061600 2021-06-30-23-00 6925
1625065200 2021-07-01-00-00 6935
1625068800 2021-07-01-01-00 6929
1625072400 2021-07-01-02-00 7130
1625076000 2021-07-01-03-00 7130
1625079600 2021-07-01-04-00 7131
1625083200 2021-07-01-05-00 7130
1625086800 2021-07-01-06-00 7131
1625090400 2021-07-01-07-00 7131
1625094000 2021-07-01-08-00 7132
1625097600 2021-07-01-09-00 7132
1625101200 2021-07-01-10-00 7132
1625104800 2021-07-01-11-00 7132
1625108401 2021-07-01-12-00 7132
1625115600 2021-07-01-14-00 7262
1625119201 2021-07-01-15-00 7282
1625122800 2021-07-01-16-00 7283
1625126400 2021-07-01-17-00 7283
1625130000 2021-07-01-18-00 7267
1625133600 2021-07-01-19-00 7267
1625137201 2021-07-01-20-00 7267
1625140800 2021-07-01-21-00 7267
1625144400 2021-07-01-22-00 7267
1625148000 2021-07-01-23-00 7269
1625151600 2021-07-02-00-00 7268
1625155200 2021-07-02-01-00 7268
1625158800 2021-07-02-02-00 7268
1625162400 2021-07-02-03-00 7275
1625166000 2021-07-02-04-00 7275
1625169600 2021-07-02-05-00 7270
1625173200 2021-07-02-06-00 7270
1625176800 2021-07-02-07-00 7270
1625180400 2021-07-02-08-00 7270
1625184001 2021-07-02-09-00 7270
1625187600 2021-07-02-10-00 7270
1625191200 2021-07-02-11-00 7258
1625194800 2021-07-02-12-00 7256
1625198400 2021-07-02-13-00 7257
1625202001 2021-07-02-14-00 7257
1625205600 2021-07-02-15-00 7257
1625209200 2021-07-02-16-00 7269
1625212800 2021-07-02-17-00 7269
1625216400 2021-07-02-18-00 7228
1625220001 2021-07-02-19-00 7172
1625223600 2021-07-02-20-00 7172
1625227200 2021-07-02-21-00 7169
1625230800 2021-07-02-22-00 7178
1625234400 2021-07-02-23-00 7178
1625238000 2021-07-03-00-00 7168
1625241600 2021-07-03-01-00 7156
1625245200 2021-07-03-02-00 7156
1625248800 2021-07-03-03-00 7156
1625252401 2021-07-03-04-00 7156
1625256001 2021-07-03-05-00 7156
1625259600 2021-07-03-06-00 7139
1625263201 2021-07-03-07-00 7139
1625266800 2021-07-03-08-00 7139
1625270400 2021-07-03-09-00 7139
1625274000 2021-07-03-10-00 7139
1625277600 2021-07-03-11-00 7155
1625281200 2021-07-03-12-00 7154
1625284801 2021-07-03-13-00 7156
1625288400 2021-07-03-14-00 7153
1625292000 2021-07-03-15-00 7153
1625295600 2021-07-03-16-00 7144
1625299200 2021-07-03-17-00 7146
1625302800 2021-07-03-18-00 7147
1625306400 2021-07-03-19-00 7153
1625310001 2021-07-03-20-00 7141
1625313600 2021-07-03-21-00 7149
1625317200 2021-07-03-22-00 7148
1625320801 2021-07-03-23-00 7141
1625324400 2021-07-04-00-00 7141
1625328000 2021-07-04-01-00 7142
1625331600 2021-07-04-02-00 7148
1625335200 2021-07-04-03-00 7149
1625338800 2021-07-04-04-00 7141
1625342400 2021-07-04-05-00 7141
1625346000 2021-07-04-06-00 7141
1625349600 2021-07-04-07-00 7141
1625353201 2021-07-04-08-00 7141
1625356800 2021-07-04-09-00 7133
1625360400 2021-07-04-10-00 7133
1625364001 2021-07-04-11-00 7133
1625367600 2021-07-04-12-00 7133
1625371200 2021-07-04-13-00 7140
1625374800 2021-07-04-14-00 7143
1625378400 2021-07-04-15-00 7144
1625382000 2021-07-04-16-00 7144
1625385600 2021-07-04-17-00 7142
1625396401 2021-07-04-20-00 7072
1625400000 2021-07-04-21-00 7082
1625403600 2021-07-04-22-00 7300
1625407200 2021-07-04-23-00 7265
1625436000 2021-07-05-07-00 7228
1625439600 2021-07-05-08-00 7206
1625443200 2021-07-05-09-00 7240
1625446800 2021-07-05-10-00 7240
1625450400 2021-07-05-11-00 7262
1625454000 2021-07-05-12-00 7256
1625457600 2021-07-05-13-00 7249
1625461200 2021-07-05-14-00 7249
1625464800 2021-07-05-15-00 7249
1625468400 2021-07-05-16-00 7257
1625472000 2021-07-05-17-00 7258
1625475600 2021-07-05-18-00 7261
1625479200 2021-07-05-19-00 7256
1625482800 2021-07-05-20-00 7289
1625486400 2021-07-05-21-00 7251
1625500800 2021-07-06-01-00 7202
1625504400 2021-07-06-02-00 7201
1625508000 2021-07-06-03-00 7201
1625511600 2021-07-06-04-00 7200
1625515200 2021-07-06-05-00 7200
1625518800 2021-07-06-06-00 7200
1625522400 2021-07-06-07-00 7200
1625526000 2021-07-06-08-00 7209
1625529600 2021-07-06-09-00 7209
1625533200 2021-07-06-10-00 7214
1625536800 2021-07-06-11-00 7215
1625540400 2021-07-06-12-00 7213
1625554800 2021-07-06-16-00 7166
1625558400 2021-07-06-17-00 7166
1625562000 2021-07-06-18-00 7166
1625565600 2021-07-06-19-00 7166
1625576400 2021-07-06-22-00 7216
1625580000 2021-07-06-23-00 7184
1625583600 2021-07-07-00-00 7185
1625587200 2021-07-07-01-00 7185
1625590800 2021-07-07-02-00 7183
1625598000 2021-07-07-04-00 7185
1625601600 2021-07-07-05-00 7184
1625605200 2021-07-07-06-00 7183
1625608801 2021-07-07-07-00 7208
1625612400 2021-07-07-08-00 7208
1625616000 2021-07-07-09-00 7208
1625619601 2021-07-07-10-00 7208
1625623200 2021-07-07-11-00 7208
1625626800 2021-07-07-12-00 7208
1625637601 2021-07-07-15-00 7216
1625641200 2021-07-07-16-00 7209
1625644800 2021-07-07-17-00 7197
1625648400 2021-07-07-18-00 7196
1625652000 2021-07-07-19-00 7192
1625666400 2021-07-07-23-00 7326
1625670000 2021-07-08-00-00 7327
1625673600 2021-07-08-01-00 7323
1625677200 2021-07-08-02-00 7323
1625680800 2021-07-08-03-00 7323
1625684400 2021-07-08-04-00 7323
1625688000 2021-07-08-05-00 7323
1625691600 2021-07-08-06-00 7344
1625695200 2021-07-08-07-00 7344
1625698800 2021-07-08-08-00 7344
1625702400 2021-07-08-09-00 7344
1625709600 2021-07-08-11-00 7433
1625713200 2021-07-08-12-00 7313
1625716800 2021-07-08-13-00 7313
1625720400 2021-07-08-14-00 7307
1625731200 2021-07-08-17-00 7024
1625734801 2021-07-08-18-00 7023
1625738400 2021-07-08-19-00 7016
1625742000 2021-07-08-20-00 7014
1625745600 2021-07-08-21-00 7033
1625749200 2021-07-08-22-00 7031
1625752800 2021-07-08-23-00 7273
1625756400 2021-07-09-00-00 7273
1625760002 2021-07-09-01-00 7229
1625763600 2021-07-09-02-00 7228
1625770800 2021-07-09-04-00 7230
1625774400 2021-07-09-05-00 7230
1625778000 2021-07-09-06-00 7230
1625781600 2021-07-09-07-00 7230
1625785200 2021-07-09-08-00 7230
1625788800 2021-07-09-09-00 7232
1625792400 2021-07-09-10-00 7232
1625796000 2021-07-09-11-00 7232
1625799600 2021-07-09-12-00 7232
1625803200 2021-07-09-13-00 7232
1625806800 2021-07-09-14-00 7225
1625814000 2021-07-09-16-00 7242
1625817600 2021-07-09-17-00 7234
1625821200 2021-07-09-18-00 7258
1625824800 2021-07-09-19-00 7245
1625828400 2021-07-09-20-00 7245
1625832000 2021-07-09-21-00 7279
1625853600 2021-07-10-03-00 7236
1625857200 2021-07-10-04-00 7242
1625860800 2021-07-10-05-00 7243
1625864400 2021-07-10-06-00 7237
1625868001 2021-07-10-07-00 7237
1625878801 2021-07-10-10-00 7236
1625882400 2021-07-10-11-00 7236
1625886000 2021-07-10-12-00 7237
1625889601 2021-07-10-13-00 7237
1625893200 2021-07-10-14-00 7237
1625904000 2021-07-10-17-00 7270
1625907600 2021-07-10-18-00 7268
1625911200 2021-07-10-19-00 7268
1625914800 2021-07-10-20-00 7268
1625918400 2021-07-10-21-00 7268
1625922000 2021-07-10-22-00 7268
1625925600 2021-07-10-23-00 7268
1625929200 2021-07-11-00-00 7268
1625932800 2021-07-11-01-00 7272
1625936400 2021-07-11-02-00 7242
1625940000 2021-07-11-03-00 7251
1625943600 2021-07-11-04-00 7243
1625947200 2021-07-11-05-00 7251
1625958000 2021-07-11-08-00 7337
1625961600 2021-07-11-09-00 7337
1625965200 2021-07-11-10-00 7337
1625968800 2021-07-11-11-00 7337
1625972401 2021-07-11-12-00 7337
1625976000 2021-07-11-13-00 7259
1625979600 2021-07-11-14-00 7181
1625983200 2021-07-11-15-00 7192
1625986800 2021-07-11-16-00 7181
1625990400 2021-07-11-17-00 7193
1625994000 2021-07-11-18-00 7195
1625997600 2021-07-11-19-00 7194
1626001200 2021-07-11-20-00 7193
1626004800 2021-07-11-21-00 7194
1626008400 2021-07-11-22-00 7200
1626019200 2021-07-12-01-00 7161
1626022800 2021-07-12-02-00 7174
1626026401 2021-07-12-03-00 7173
1626030000 2021-07-12-04-00 7173
1626033600 2021-07-12-05-00 7173
1626037200 2021-07-12-06-00 7173
1626040801 2021-07-12-07-00 7173
1626044401 2021-07-12-08-00 7185
1626048000 2021-07-12-09-00 7185
1626051600 2021-07-12-10-00 7184
1626055200 2021-07-12-11-00 7186
1626058800 2021-07-12-12-00 7260
1626062400 2021-07-12-13-00 7258
1626076800 2021-07-12-17-00 7222
1626080400 2021-07-12-18-00 7228
1626084000 2021-07-12-19-00 7240
1626091200 2021-07-12-21-00 7232
1626094800 2021-07-12-22-00 7231
1626098400 2021-07-12-23-00 7232
1626102000 2021-07-13-00-00 7232
1626105600 2021-07-13-01-00 7232
1626109200 2021-07-13-02-00 7232
1626112800 2021-07-13-03-00 7262
1626116400 2021-07-13-04-00 7262
1626123600 2021-07-13-06-00 7261
1626127200 2021-07-13-07-00 7261
1626130800 2021-07-13-08-00 7261
1626134400 2021-07-13-09-00 7261
1626138000 2021-07-13-10-00 7242
1626141600 2021-07-13-11-00 7242
1626145200 2021-07-13-12-00 7243
1626148800 2021-07-13-13-00 7243
1626152401 2021-07-13-14-00 7242
1626156000 2021-07-13-15-00 7262
1626159600 2021-07-13-16-00 7274
1626163201 2021-07-13-17-00 7136
1626166800 2021-07-13-18-00 7136
1626177600 2021-07-13-21-00 7114
1626181200 2021-07-13-22-00 7119
1626184800 2021-07-13-23-00 7157
1626188400 2021-07-14-00-00 7250
1626192000 2021-07-14-01-00 7236
1626195600 2021-07-14-02-00 7229
1626202800 2021-07-14-04-00 7250
1626228000 2021-07-14-11-00 7273
1626231600 2021-07-14-12-00 7291
1626235200 2021-07-14-13-00 7301
1626238800 2021-07-14-14-00 7226
1626242400 2021-07-14-15-00 7226
1626246000 2021-07-14-16-00 7237
1626249600 2021-07-14-17-00 7229
1626253200 2021-07-14-18-00 7230
1626256800 2021-07-14-19-00 7232
1626260400 2021-07-14-20-00 7232
1626264000 2021-07-14-21-00 7232
1626267600 2021-07-14-22-00 7246
1626271200 2021-07-14-23-00 7246
1626274800 2021-07-15-00-00 7246
1626278400 2021-07-15-01-00 7246
1626282000 2021-07-15-02-00 7246
1626285600 2021-07-15-03-00 7245
1626289200 2021-07-15-04-00 7245
1626292800 2021-07-15-05-00 7245
1626310800 2021-07-15-10-00 7241
1626314400 2021-07-15-11-00 7241
1626318000 2021-07-15-12-00 7241
1626321600 2021-07-15-13-00 7240
1626325200 2021-07-15-14-00 7240
1626336000 2021-07-15-17-00 7283
1626339600 2021-07-15-18-00 7284
1626343200 2021-07-15-19-00 7283
1626346801 2021-07-15-20-00 7283
1626350400 2021-07-15-21-00 7283
1626354000 2021-07-15-22-00 7283
1626357601 2021-07-15-23-00 7283
1626361200 2021-07-16-00-00 7283
1626364800 2021-07-16-01-00 7282
1626375600 2021-07-16-04-00 7277
1626379200 2021-07-16-05-00 7278
1626382800 2021-07-16-06-00 7278
1626386400 2021-07-16-07-00 7278
1626390000 2021-07-16-08-00 7278
1626393600 2021-07-16-09-00 7262
1626397200 2021-07-16-10-00 7262
1626400800 2021-07-16-11-00 7262
1626404400 2021-07-16-12-00 7262
1626408000 2021-07-16-13-00 7265
1626411600 2021-07-16-14-00 7268
1626440400 2021-07-16-22-00 7273
1626444000 2021-07-16-23-00 7273
1626447600 2021-07-17-00-00 7249
1626451200 2021-07-17-01-00 7250
1626454800 2021-07-17-02-00 7249
1626458400 2021-07-17-03-00 7239
1626462000 2021-07-17-04-00 7238
1626465600 2021-07-17-05-00 7280
1626469200 2021-07-17-06-00 7248
1626472800 2021-07-17-07-00 7248
1626476400 2021-07-17-08-00 7248
1626480000 2021-07-17-09-00 7248
1626483600 2021-07-17-10-00 7248
1626487201 2021-07-17-11-00 7248
1626490800 2021-07-17-12-00 7293
1626494400 2021-07-17-13-00 7293
1626498000 2021-07-17-14-00 7295
1626501600 2021-07-17-15-00 7293
1626505200 2021-07-17-16-00 7293
1626508801 2021-07-17-17-00 7309
1626512400 2021-07-17-18-00 7309
1626516000 2021-07-17-19-00 7309
1626519600 2021-07-17-20-00 7309
1626523200 2021-07-17-21-00 7313
1626526800 2021-07-17-22-00 7313
1626530400 2021-07-17-23-00 7313
1626534001 2021-07-18-00-00 7316
1626537600 2021-07-18-01-00 7316
1626541200 2021-07-18-02-00 7303
1626544800 2021-07-18-03-00 7303
1626548400 2021-07-18-04-00 7303
1626552001 2021-07-18-05-00 7303
1626555600 2021-07-18-06-00 7303
1626559200 2021-07-18-07-00 7303
1626562800 2021-07-18-08-00 7303
1626566400 2021-07-18-09-00 7303
1626570000 2021-07-18-10-00 7301
1626573600 2021-07-18-11-00 7301
1626577200 2021-07-18-12-00 7302
1626580800 2021-07-18-13-00 7301
1626584401 2021-07-18-14-00 7302
1626588000 2021-07-18-15-00 7302
1626591600 2021-07-18-16-00 7333
1626606000 2021-07-18-20-00 7305
1626616800 2021-07-18-23-00 7300
1626620400 2021-07-19-00-00 7288
1626624000 2021-07-19-01-00 7258
1626627600 2021-07-19-02-00 7258
1626631200 2021-07-19-03-00 7257
1626634801 2021-07-19-04-00 7257
1626638400 2021-07-19-05-00 7257
1626642000 2021-07-19-06-00 7257
1626645600 2021-07-19-07-00 7255
1626649200 2021-07-19-08-00 7216
1626652800 2021-07-19-09-00 7256
1626656400 2021-07-19-10-00 7240
1626660000 2021-07-19-11-00 7190
1626671231 2021-07-19-14-07 7331
1626674400 2021-07-19-15-00 7206
1626678000 2021-07-19-16-00 7206
1626681600 2021-07-19-17-00 7229
1626685201 2021-07-19-18-00 7239
1626688800 2021-07-19-19-00 7239
1626692401 2021-07-19-20-00 7239
1626696000 2021-07-19-21-00 7243
1626699600 2021-07-19-22-00 7243
1626703200 2021-07-19-23-00 7243
1626706801 2021-07-20-00-00 7243
1626710400 2021-07-20-01-00 7243
1626714000 2021-07-20-02-00 7243
1626717600 2021-07-20-03-00 7243
1626721200 2021-07-20-04-00 7243
1626724800 2021-07-20-05-00 7248
1626728400 2021-07-20-06-00 7248
1626732000 2021-07-20-07-00 7247
1626735600 2021-07-20-08-00 7247
1626739200 2021-07-20-09-00 7249
1626778801 2021-07-20-20-00 7085
1626782400 2021-07-20-21-00 7086
1626786001 2021-07-20-22-00 7086
1626789600 2021-07-20-23-00 7197
1626793200 2021-07-21-00-00 7304
1626796800 2021-07-21-01-00 7270
1626800400 2021-07-21-02-00 7261
1626804000 2021-07-21-03-00 7185
1626807600 2021-07-21-04-00 7185
1626811200 2021-07-21-05-00 7185
1626814800 2021-07-21-06-00 7185
1626818400 2021-07-21-07-00 7185
1626822000 2021-07-21-08-00 7227
1626825600 2021-07-21-09-00 7227
1626829200 2021-07-21-10-00 7227
1626840000 2021-07-21-13-00 7317
1626843600 2021-07-21-14-00 7271
1626847201 2021-07-21-15-00 7288
1626850800 2021-07-21-16-00 7297
1626854400 2021-07-21-17-00 7297
1626876000 2021-07-21-23-00 7296
1626879600 2021-07-22-00-00 7296
1626883200 2021-07-22-01-00 7302
1626886800 2021-07-22-02-00 7302
1626890400 2021-07-22-03-00 7302
1626894000 2021-07-22-04-00 7296
1626897600 2021-07-22-05-00 7296
1626901200 2021-07-22-06-00 7296
1626904800 2021-07-22-07-00 7296
1626908400 2021-07-22-08-00 7296
1626912000 2021-07-22-09-00 7296
1626915601 2021-07-22-10-00 7296
1626919302 2021-07-22-11-01 7286
1626930000 2021-07-22-14-00 7289
1626933600 2021-07-22-15-00 7286
1626937200 2021-07-22-16-00 7263
1626940800 2021-07-22-17-00 7239
1626958800 2021-07-22-22-00 7342
1626962400 2021-07-22-23-00 7342
1626966000 2021-07-23-00-00 7258
